<?xml version="1.0" encoding="UTF-8"?>
<robot generator="Robot 3.1.2 (Python 3.6.5 on win32)" generated="20200511 12:11:27.723" rpa="false">
<suite id="s1" name="Robot App" source="C:\Users\0015256\git\VN_Test\robot_app">
<suite id="s1-s1" name="Home" source="C:\Users\0015256\git\VN_Test\robot_app\home.robot">
<test id="s1-s1-t1" name="Login chrome">
<kw name="Open Browser" library="SeleniumLibrary">
<doc>Opens a new browser instance to the optional ``url``.</doc>
<arguments>
<arg>${URL}</arg>
<arg>${BROWSER2}</arg>
</arguments>
<msg timestamp="20200511 12:11:28.207" level="INFO">Opening browser 'chrome' to base url 'https://www.orange.es/'.</msg>
<status status="PASS" starttime="20200511 12:11:28.206" endtime="20200511 12:11:37.192"></status>
</kw>
<kw name="Sleep" library="BuiltIn">
<doc>Pauses the test executed for the given time.</doc>
<arguments>
<arg>2</arg>
</arguments>
<msg timestamp="20200511 12:11:39.199" level="INFO">Slept 2 seconds</msg>
<status status="PASS" starttime="20200511 12:11:37.193" endtime="20200511 12:11:39.200"></status>
</kw>
<kw name="Capture Page Screenshot" library="SeleniumLibrary">
<doc>Takes a screenshot of the current page and embeds it into a log file.</doc>
<msg timestamp="20200511 12:11:39.751" level="INFO" html="yes">&lt;/td&gt;&lt;/tr&gt;&lt;tr&gt;&lt;td colspan="3"&gt;&lt;a href="selenium-screenshot-1.png"&gt;&lt;img src="selenium-screenshot-1.png" width="800px"&gt;&lt;/a&gt;</msg>
<status status="PASS" starttime="20200511 12:11:39.201" endtime="20200511 12:11:39.752"></status>
</kw>
<kw name="Click Element" library="SeleniumLibrary">
<doc>Click the element identified by ``locator``.</doc>
<arguments>
<arg>xpath=//*[contains(text(), 'La TV que quiero')]</arg>
</arguments>
<msg timestamp="20200511 12:11:39.753" level="INFO">Clicking element 'xpath=//*[contains(text(), 'La TV que quiero')]'.</msg>
<status status="PASS" starttime="20200511 12:11:39.752" endtime="20200511 12:11:43.538"></status>
</kw>
<kw name="Sleep" library="BuiltIn">
<doc>Pauses the test executed for the given time.</doc>
<arguments>
<arg>2</arg>
</arguments>
<msg timestamp="20200511 12:11:45.542" level="INFO">Slept 2 seconds</msg>
<status status="PASS" starttime="20200511 12:11:43.539" endtime="20200511 12:11:45.543"></status>
</kw>
<kw name="Capture Page Screenshot" library="SeleniumLibrary">
<doc>Takes a screenshot of the current page and embeds it into a log file.</doc>
<msg timestamp="20200511 12:11:46.294" level="INFO" html="yes">&lt;/td&gt;&lt;/tr&gt;&lt;tr&gt;&lt;td colspan="3"&gt;&lt;a href="selenium-screenshot-2.png"&gt;&lt;img src="selenium-screenshot-2.png" width="800px"&gt;&lt;/a&gt;</msg>
<status status="PASS" starttime="20200511 12:11:45.544" endtime="20200511 12:11:46.295"></status>
</kw>
<kw name="Close All Browsers" library="SeleniumLibrary" type="teardown">
<doc>Closes all open browsers and resets the browser cache.</doc>
<status status="PASS" starttime="20200511 12:11:46.296" endtime="20200511 12:11:48.884"></status>
</kw>
<status status="PASS" starttime="20200511 12:11:28.204" endtime="20200511 12:11:48.884" critical="yes"></status>
</test>
<test id="s1-s1-t2" name="Login firefox">
<kw name="Open Browser" library="SeleniumLibrary">
<doc>Opens a new browser instance to the optional ``url``.</doc>
<arguments>
<arg>${URL}</arg>
<arg>${BROWSER1}</arg>
</arguments>
<msg timestamp="20200511 12:11:48.889" level="INFO">Opening browser 'firefox' to base url 'https://www.orange.es/'.</msg>
<msg timestamp="20200511 12:11:48.891" level="INFO">Firefox driver log is always forced to to: C:\Users\0015256\git\VN_Test\robot_app\geckodriver-1.log</msg>
<status status="PASS" starttime="20200511 12:11:48.887" endtime="20200511 12:12:08.724"></status>
</kw>
<kw name="Sleep" library="BuiltIn">
<doc>Pauses the test executed for the given time.</doc>
<arguments>
<arg>2</arg>
</arguments>
<msg timestamp="20200511 12:12:10.729" level="INFO">Slept 2 seconds</msg>
<status status="PASS" starttime="20200511 12:12:08.725" endtime="20200511 12:12:10.730"></status>
</kw>
<kw name="Capture Page Screenshot" library="SeleniumLibrary">
<doc>Takes a screenshot of the current page and embeds it into a log file.</doc>
<msg timestamp="20200511 12:12:11.046" level="INFO" html="yes">&lt;/td&gt;&lt;/tr&gt;&lt;tr&gt;&lt;td colspan="3"&gt;&lt;a href="selenium-screenshot-3.png"&gt;&lt;img src="selenium-screenshot-3.png" width="800px"&gt;&lt;/a&gt;</msg>
<status status="PASS" starttime="20200511 12:12:10.731" endtime="20200511 12:12:11.047"></status>
</kw>
<kw name="Click Element" library="SeleniumLibrary">
<doc>Click the element identified by ``locator``.</doc>
<arguments>
<arg>xpath=//*[contains(text(), 'Internet y fijo')]</arg>
</arguments>
<msg timestamp="20200511 12:12:11.049" level="INFO">Clicking element 'xpath=//*[contains(text(), 'Internet y fijo')]'.</msg>
<status status="PASS" starttime="20200511 12:12:11.048" endtime="20200511 12:12:18.550"></status>
</kw>
<kw name="Sleep" library="BuiltIn">
<doc>Pauses the test executed for the given time.</doc>
<arguments>
<arg>2</arg>
</arguments>
<msg timestamp="20200511 12:12:20.557" level="INFO">Slept 2 seconds</msg>
<status status="PASS" starttime="20200511 12:12:18.551" endtime="20200511 12:12:20.557"></status>
</kw>
<kw name="Capture Page Screenshot" library="SeleniumLibrary">
<doc>Takes a screenshot of the current page and embeds it into a log file.</doc>
<msg timestamp="20200511 12:12:20.766" level="INFO" html="yes">&lt;/td&gt;&lt;/tr&gt;&lt;tr&gt;&lt;td colspan="3"&gt;&lt;a href="selenium-screenshot-4.png"&gt;&lt;img src="selenium-screenshot-4.png" width="800px"&gt;&lt;/a&gt;</msg>
<status status="PASS" starttime="20200511 12:12:20.558" endtime="20200511 12:12:20.767"></status>
</kw>
<kw name="Close All Browsers" library="SeleniumLibrary" type="teardown">
<doc>Closes all open browsers and resets the browser cache.</doc>
<status status="PASS" starttime="20200511 12:12:20.768" endtime="20200511 12:12:23.521"></status>
</kw>
<status status="PASS" starttime="20200511 12:11:48.886" endtime="20200511 12:12:23.522" critical="yes"></status>
</test>
<doc>Ejemplo de mi primer Test con Selenium - Login miOrangeApp Movilizado</doc>
<status status="PASS" starttime="20200511 12:11:27.914" endtime="20200511 12:12:23.523"></status>
</suite>
<status status="PASS" starttime="20200511 12:11:27.878" endtime="20200511 12:12:23.528"></status>
</suite>
<statistics>
<total>
<stat pass="2" fail="0">Critical Tests</stat>
<stat pass="2" fail="0">All Tests</stat>
</total>
<tag>
</tag>
<suite>
<stat pass="2" fail="0" id="s1" name="Robot App">Robot App</stat>
<stat pass="2" fail="0" id="s1-s1" name="Home">Robot App.Home</stat>
</suite>
</statistics>
<errors>
</errors>
</robot>
