<?xml version="1.0" encoding="UTF-8"?>
<robot generator="Robot 3.1.2 (Python 3.6.5 on win32)" generated="20200612 09:32:58.071" rpa="false">
<suite id="s1" name="Robot App" source="C:\Users\0015256\git\VN_Test\robot_app">
<suite id="s1-s1" name="appium App" source="C:\Users\0015256\git\VN_Test\robot_app\appium_App.robot">
<test id="s1-s1-t1" name="Test case name">
<kw name="Open Application" library="AppiumLibrary">
<doc>Opens a new application to given Appium server.
Capabilities of appium server, Android and iOS,
Please check https://github.com/appium/appium/blob/master/docs/en/writing-running-appium/server-args.md
| *Option*            | *Man.* | *Description*     |
| remote_url          | Yes    | Appium server url |
| alias               | no     | alias             |</doc>
<arguments>
<arg>${REMOTE_URL}</arg>
<arg>deviceName=${deviceName}</arg>
<arg>platformName=${platformName}</arg>
<arg>noReset=${noReset}</arg>
</arguments>
<status status="PASS" starttime="20200612 09:32:59.755" endtime="20200612 09:33:51.122"></status>
</kw>
<kw name="Capture Page Screenshot" library="AppiumLibrary">
<doc>Takes a screenshot of the current page and embeds it into the log.</doc>
<msg timestamp="20200612 09:33:53.372" level="INFO" html="yes">&lt;/td&gt;&lt;/tr&gt;&lt;tr&gt;&lt;td colspan="3"&gt;&lt;a href="appium-screenshot-1.png"&gt;&lt;img src="appium-screenshot-1.png" width="800px"&gt;&lt;/a&gt;</msg>
<status status="PASS" starttime="20200612 09:33:51.124" endtime="20200612 09:33:53.373"></status>
</kw>
<kw name="Get Current Date" library="DateTime">
<doc>Returns current local or UTC time with an optional increment.</doc>
<assign>
<var>${start}</var>
</assign>
<msg timestamp="20200612 09:33:53.384" level="INFO">${start} = 2020-06-12 09:33:53.383</msg>
<status status="PASS" starttime="20200612 09:33:53.375" endtime="20200612 09:33:53.386"></status>
</kw>
<kw name="Wait Until Page Contains Element" library="AppiumLibrary">
<doc>Waits until element specified with `locator` appears on current page.</doc>
<arguments>
<arg>xpath=//android.widget.FrameLayout[@content-desc="Mi Orange"]/android.widget.ImageView[1]</arg>
</arguments>
<status status="PASS" starttime="20200612 09:33:53.388" endtime="20200612 09:33:55.928"></status>
</kw>
<kw name="Get Current Date" library="DateTime">
<doc>Returns current local or UTC time with an optional increment.</doc>
<assign>
<var>${stop}</var>
</assign>
<msg timestamp="20200612 09:33:55.933" level="INFO">${stop} = 2020-06-12 09:33:55.933</msg>
<status status="PASS" starttime="20200612 09:33:55.929" endtime="20200612 09:33:55.934"></status>
</kw>
<kw name="Click Element" library="AppiumLibrary">
<doc>Click element identified by `locator`.</doc>
<arguments>
<arg>xpath=//android.widget.FrameLayout[@content-desc="Mi Orange"]/android.widget.ImageView[1]</arg>
</arguments>
<msg timestamp="20200612 09:33:55.939" level="INFO">Clicking element 'xpath=//android.widget.FrameLayout[@content-desc="Mi Orange"]/android.widget.ImageView[1]'.</msg>
<status status="PASS" starttime="20200612 09:33:55.936" endtime="20200612 09:33:57.986"></status>
</kw>
<kw name="Subtract Date From Date" library="DateTime">
<doc>Subtracts date from another date and returns time between.</doc>
<arguments>
<arg>${stop}</arg>
<arg>${start}</arg>
</arguments>
<assign>
<var>${diff}</var>
</assign>
<msg timestamp="20200612 09:33:58.029" level="INFO">${diff} = 2.55</msg>
<status status="PASS" starttime="20200612 09:33:57.987" endtime="20200612 09:33:58.031"></status>
</kw>
<kw name="Sleep" library="BuiltIn">
<doc>Pauses the test executed for the given time.</doc>
<arguments>
<arg>30</arg>
</arguments>
<msg timestamp="20200612 09:34:28.043" level="INFO">Slept 30 seconds</msg>
<status status="PASS" starttime="20200612 09:33:58.034" endtime="20200612 09:34:28.044"></status>
</kw>
<kw name="Capture Page Screenshot" library="AppiumLibrary">
<doc>Takes a screenshot of the current page and embeds it into the log.</doc>
<msg timestamp="20200612 09:34:28.868" level="INFO" html="yes">&lt;/td&gt;&lt;/tr&gt;&lt;tr&gt;&lt;td colspan="3"&gt;&lt;a href="appium-screenshot-2.png"&gt;&lt;img src="appium-screenshot-2.png" width="800px"&gt;&lt;/a&gt;</msg>
<status status="PASS" starttime="20200612 09:34:28.049" endtime="20200612 09:34:28.869"></status>
</kw>
<kw name="Click Element" library="AppiumLibrary">
<doc>Click element identified by `locator`.</doc>
<arguments>
<arg>xpath=/hierarchy/android.widget.FrameLayout/android.widget.LinearLayout/android.widget.FrameLayout/android.webkit.WebView/android.webkit.WebView/android.view.View/android.view.View/android.view.View[1]/android.view.View[4]/android.view.View/android.view.View/android.view.View/android.view.View/android.view.View[3]/android.view.View/android.view.View[1]/android.view.View[2]/android.widget.ListView/android.view.View[1]/android.widget.ListView/android.view.View/android.widget.Image</arg>
</arguments>
<msg timestamp="20200612 09:34:28.875" level="INFO">Clicking element 'xpath=/hierarchy/android.widget.FrameLayout/android.widget.LinearLayout/android.widget.FrameLayout/android.webkit.WebView/android.webkit.WebView/android.view.View/android.view.View/android.view.View[1]/android.view.View[4]/android.view.View/android.view.View/android.view.View/android.view.View/android.view.View[3]/android.view.View/android.view.View[1]/android.view.View[2]/android.widget.ListView/android.view.View[1]/android.widget.ListView/android.view.View/android.widget.Image'.</msg>
<status status="PASS" starttime="20200612 09:34:28.871" endtime="20200612 09:34:31.170"></status>
</kw>
<kw name="Sleep" library="BuiltIn">
<doc>Pauses the test executed for the given time.</doc>
<arguments>
<arg>10</arg>
</arguments>
<msg timestamp="20200612 09:34:41.180" level="INFO">Slept 10 seconds</msg>
<status status="PASS" starttime="20200612 09:34:31.173" endtime="20200612 09:34:41.182"></status>
</kw>
<kw name="Capture Page Screenshot" library="AppiumLibrary">
<doc>Takes a screenshot of the current page and embeds it into the log.</doc>
<msg timestamp="20200612 09:34:42.255" level="INFO" html="yes">&lt;/td&gt;&lt;/tr&gt;&lt;tr&gt;&lt;td colspan="3"&gt;&lt;a href="appium-screenshot-3.png"&gt;&lt;img src="appium-screenshot-3.png" width="800px"&gt;&lt;/a&gt;</msg>
<status status="PASS" starttime="20200612 09:34:41.184" endtime="20200612 09:34:42.256"></status>
</kw>
<kw name="Sleep" library="BuiltIn">
<doc>Pauses the test executed for the given time.</doc>
<arguments>
<arg>2</arg>
</arguments>
<msg timestamp="20200612 09:34:44.262" level="INFO">Slept 2 seconds</msg>
<status status="PASS" starttime="20200612 09:34:42.257" endtime="20200612 09:34:44.264"></status>
</kw>
<kw name="Close Application" library="AppiumLibrary">
<doc>Closes the current application and also close webdriver session.</doc>
<status status="PASS" starttime="20200612 09:34:44.266" endtime="20200612 09:34:46.732"></status>
</kw>
<status status="PASS" starttime="20200612 09:32:59.751" endtime="20200612 09:34:46.734" critical="yes"></status>
</test>
<status status="PASS" starttime="20200612 09:32:58.557" endtime="20200612 09:34:46.736"></status>
</suite>
<status status="PASS" starttime="20200612 09:32:58.483" endtime="20200612 09:34:46.740"></status>
</suite>
<statistics>
<total>
<stat pass="1" fail="0">Critical Tests</stat>
<stat pass="1" fail="0">All Tests</stat>
</total>
<tag>
</tag>
<suite>
<stat pass="1" fail="0" id="s1" name="Robot App">Robot App</stat>
<stat pass="1" fail="0" id="s1-s1" name="appium App">Robot App.appium App</stat>
</suite>
</statistics>
<errors>
</errors>
</robot>
